<?xml version="1.0" encoding="UTF-8"?>
<!-- Generated by org.testng.reporters.JUnitXMLReporter -->
<testsuite hostname="AithGGN1347" ignored="1" name="AliSRenewalApplicationTest" tests="2" failures="1" timestamp="2022-05-23T10:38:02 IST" time="29.437" errors="0">
  <testcase name="@BeforeClass setup" time="0.0" classname="com.AliS.Pages.BaseClassAliS">
    <failure type="java.lang.NullPointerException">
      <![CDATA[java.lang.NullPointerException
at com.AliS.Pages.BaseClassAliS.setup(BaseClassAliS.java:42)
at java.util.concurrent.ThreadPoolExecutor.runWorker(ThreadPoolExecutor.java:1149)
at java.util.concurrent.ThreadPoolExecutor$Worker.run(ThreadPoolExecutor.java:624)
at java.lang.Thread.run(Thread.java:748)
... Removed 10 stack frames]]>
    </failure>
  </testcase> <!-- @BeforeClass setup -->
  <testcase name="@AfterMethod tearDownMethod" time="-1.653282453485E9" classname="com.AliS.Pages.BaseClassAliS">
    <skipped/>
  </testcase> <!-- @AfterMethod tearDownMethod -->
  <testcase name="@AfterClass TearDown" time="-1.65328245349E9" classname="com.AliS.Pages.BaseClassAliS">
    <skipped/>
  </testcase> <!-- @AfterClass TearDown -->
  <testcase name="Individual_Information_Tab_TestCase2" time="0.0" classname="com.AliS.SmokeTestCases.SmokeTestCase2">
    <skipped/>
  </testcase> <!-- Individual_Information_Tab_TestCase2 -->
  <testcase name="Individual_Information_Tab_TestCase1" time="16.94" classname="com.AliS.SmokeTestCases.SmokeTestCase1">
    <failure type="org.openqa.selenium.ElementClickInterceptedException" message="element click intercepted: Element &amp;lt;a href=&amp;quot;LIC/ALisViewPendingApplications.aspx?sessionid=ulbm3jhu312i0u33c3bajdmn&amp;quot; id=&amp;quot;ctl00_ContentPlaceHolder1_ucMenu_1__aMenuLink&amp;quot; class=&amp;quot;MenuAnchor&amp;quot; data-showbusycursor=&amp;quot;True&amp;quot; style=&amp;quot;font-size:1em;&amp;quot;&amp;gt;...&amp;lt;/a&amp;gt; is not clickable at point (289, 363). Other element would receive the click: &amp;lt;div id=&amp;quot;blockUI&amp;quot; class=&amp;quot;blockUI blockOverlay&amp;quot; style=&amp;quot;z-index: 1000; border: none; margin: 0px; padding: 0px; width: 100%; height: 100%; top: 0px; left: 0px; background-color: rgb(0, 0, 0); opacity: 0.0117008; cursor: default; position: fixed;&amp;quot;&amp;gt;&amp;lt;/div&amp;gt;
  (Session info: chrome=101.0.4951.67)
Build info: version: &amp;apos;3.141.59&amp;apos;, revision: &amp;apos;e82be7d358&amp;apos;, time: &amp;apos;2018-11-14T08:17:03&amp;apos;
System info: host: &amp;apos;AITHGGN1347&amp;apos;, ip: &amp;apos;10.81.234.21&amp;apos;, os.name: &amp;apos;Windows 10&amp;apos;, os.arch: &amp;apos;amd64&amp;apos;, os.version: &amp;apos;10.0&amp;apos;, java.version: &amp;apos;1.8.0_311&amp;apos;
Driver info: org.openqa.selenium.chrome.ChromeDriver
Capabilities {acceptInsecureCerts: false, browserName: chrome, browserVersion: 101.0.4951.67, chrome: {chromedriverVersion: 100.0.4896.60 (6a5d10861ce8..., userDataDir: C:\Users\ABHARD~1\AppData\L...}, goog:chromeOptions: {debuggerAddress: localhost:52369}, javascriptEnabled: true, networkConnectionEnabled: false, pageLoadStrategy: normal, platform: WINDOWS, platformName: WINDOWS, proxy: Proxy(), setWindowRect: true, strictFileInteractability: false, timeouts: {implicit: 0, pageLoad: 300000, script: 30000}, unhandledPromptBehavior: dismiss and notify, webauthn:extension:credBlob: true, webauthn:extension:largeBlob: true, webauthn:virtualAuthenticators: true}
Session ID: 990fad8f7b19ca8e844f315190ac7cc8">
      <![CDATA[org.openqa.selenium.ElementClickInterceptedException: element click intercepted: Element <a href="LIC/ALisViewPendingApplications.aspx?sessionid=ulbm3jhu312i0u33c3bajdmn" id="ctl00_ContentPlaceHolder1_ucMenu_1__aMenuLink" class="MenuAnchor" data-showbusycursor="True" style="font-size:1em;">...</a> is not clickable at point (289, 363). Other element would receive the click: <div id="blockUI" class="blockUI blockOverlay" style="z-index: 1000; border: none; margin: 0px; padding: 0px; width: 100%; height: 100%; top: 0px; left: 0px; background-color: rgb(0, 0, 0); opacity: 0.0117008; cursor: default; position: fixed;"></div>
  (Session info: chrome=101.0.4951.67)
Build info: version: '3.141.59', revision: 'e82be7d358', time: '2018-11-14T08:17:03'
System info: host: 'AITHGGN1347', ip: '10.81.234.21', os.name: 'Windows 10', os.arch: 'amd64', os.version: '10.0', java.version: '1.8.0_311'
Driver info: org.openqa.selenium.chrome.ChromeDriver
Capabilities {acceptInsecureCerts: false, browserName: chrome, browserVersion: 101.0.4951.67, chrome: {chromedriverVersion: 100.0.4896.60 (6a5d10861ce8..., userDataDir: C:\Users\ABHARD~1\AppData\L...}, goog:chromeOptions: {debuggerAddress: localhost:52369}, javascriptEnabled: true, networkConnectionEnabled: false, pageLoadStrategy: normal, platform: WINDOWS, platformName: WINDOWS, proxy: Proxy(), setWindowRect: true, strictFileInteractability: false, timeouts: {implicit: 0, pageLoad: 300000, script: 30000}, unhandledPromptBehavior: dismiss and notify, webauthn:extension:credBlob: true, webauthn:extension:largeBlob: true, webauthn:virtualAuthenticators: true}
Session ID: 990fad8f7b19ca8e844f315190ac7cc8
at org.openqa.selenium.remote.http.W3CHttpResponseCodec.createException(W3CHttpResponseCodec.java:187)
at org.openqa.selenium.remote.http.W3CHttpResponseCodec.decode(W3CHttpResponseCodec.java:122)
at org.openqa.selenium.remote.http.W3CHttpResponseCodec.decode(W3CHttpResponseCodec.java:49)
at org.openqa.selenium.remote.HttpCommandExecutor.execute(HttpCommandExecutor.java:158)
at org.openqa.selenium.remote.service.DriverCommandExecutor.execute(DriverCommandExecutor.java:83)
at org.openqa.selenium.remote.RemoteWebDriver.execute(RemoteWebDriver.java:552)
at org.openqa.selenium.remote.RemoteWebElement.execute(RemoteWebElement.java:285)
at org.openqa.selenium.remote.RemoteWebElement.click(RemoteWebElement.java:84)
at com.AliS.Pages.Individual_Information_Tab.HandleAlertWindow(Individual_Information_Tab.java:166)
at com.AliS.SmokeTestCases.SmokeTestCase1.Individual_Information_Tab_TestCase1(SmokeTestCase1.java:22)
at java.util.concurrent.ThreadPoolExecutor.runWorker(ThreadPoolExecutor.java:1149)
at java.util.concurrent.ThreadPoolExecutor$Worker.run(ThreadPoolExecutor.java:624)
at java.lang.Thread.run(Thread.java:748)
... Removed 16 stack frames]]>
    </failure>
  </testcase> <!-- Individual_Information_Tab_TestCase1 -->
  <testcase name="@BeforeSuite setupSuite" time="0.0" classname="com.AliS.Pages.BaseClassAliS">
    <ignored/>
  </testcase> <!-- @BeforeSuite setupSuite -->
</testsuite> <!-- AliSRenewalApplicationTest -->
