<?xml version="1.0" encoding="UTF-8"?>
<!-- Generated by org.testng.reporters.JUnitXMLReporter -->
<testsuite hostname="AithGGN1347" ignored="1" name="RenewalApplicationTest" tests="2" failures="0" timestamp="2022-06-23T19:21:53 IST" time="34.099" errors="0">
  <testcase name="@BeforeClass setup" time="0.001" classname="com.AliS.Pages.BaseClassAliS">
    <failure type="java.lang.NullPointerException">
      <![CDATA[java.lang.NullPointerException
at com.AliS.Pages.BaseClassAliS.setup(BaseClassAliS.java:44)
at java.util.ArrayList.forEach(ArrayList.java:1259)
... Removed 25 stack frames]]>
    </failure>
  </testcase> <!-- @BeforeClass setup -->
  <testcase name="@AfterMethod tearDownMethod" time="-1.655992313883E9" classname="com.AliS.Pages.BaseClassAliS">
    <skipped/>
  </testcase> <!-- @AfterMethod tearDownMethod -->
  <testcase name="@AfterClass TearDown" time="-1.655992313886E9" classname="com.AliS.Pages.BaseClassAliS">
    <skipped/>
  </testcase> <!-- @AfterClass TearDown -->
  <testcase name="Individual_Information_Tab_TestCase2" time="24.112" classname="com.AliS.SmokeTestCases.SmokeTestCase2"/>
  <testcase name="Individual_Information_Tab_TestCase1" time="0.0" classname="com.AliS.SmokeTestCases.SmokeTestCase1">
    <skipped/>
  </testcase> <!-- Individual_Information_Tab_TestCase1 -->
  <testcase name="@BeforeSuite setupSuite" time="0.0" classname="com.AliS.Pages.BaseClassAliS">
    <ignored/>
  </testcase> <!-- @BeforeSuite setupSuite -->
</testsuite> <!-- RenewalApplicationTest -->
