<?xml version="1.0" encoding="UTF-8"?>
<!-- Generated by org.testng.reporters.JUnitXMLReporter -->
<testsuite hostname="AithGGN1347" ignored="1" name="SmokeTest" tests="2" failures="0" timestamp="2022-06-20T13:59:38 IST" time="43.279" errors="0">
  <testcase name="@BeforeClass setup" time="0.001" classname="com.AliS.Base.BaseClassAliS">
    <failure type="java.lang.NullPointerException">
      <![CDATA[java.lang.NullPointerException
at com.AliS.Base.BaseClassAliS.setup(BaseClassAliS.java:47)
at java.util.ArrayList.forEach(ArrayList.java:1259)
... Removed 25 stack frames]]>
    </failure>
  </testcase> <!-- @BeforeClass setup -->
  <testcase name="@AfterMethod tearDownMethod" time="-1.655713778014E9" classname="com.AliS.Base.BaseClassAliS">
    <skipped/>
  </testcase> <!-- @AfterMethod tearDownMethod -->
  <testcase name="@AfterClass TearDown" time="-1.655713778025E9" classname="com.AliS.Base.BaseClassAliS">
    <skipped/>
  </testcase> <!-- @AfterClass TearDown -->
  <testcase name="SmokeTestCaseScenario1" time="30.429" classname="com.AliS.SmokeTestCases.SmokeTestCase1"/>
  <testcase name="SmokeTestCaseScenario2" time="0.001" classname="com.AliS.SmokeTestCases.SmokeTestCase2">
    <skipped/>
  </testcase> <!-- SmokeTestCaseScenario2 -->
  <testcase name="@BeforeSuite setupSuite" time="0.0" classname="com.AliS.Base.BaseClassAliS">
    <ignored/>
  </testcase> <!-- @BeforeSuite setupSuite -->
</testsuite> <!-- SmokeTest -->
