<?xml version="1.0" encoding="UTF-8"?>
<!-- Generated by org.testng.reporters.JUnitXMLReporter -->
<testsuite hostname="AithGGN1347" ignored="0" name="SmokeTestCase1" tests="1" failures="0" timestamp="2022-06-20T21:04:30 IST" time="0.074" errors="0">
  <testcase name="@BeforeClass setup" time="0.0" classname="com.AliS.Base.BaseClassAliS">
    <failure type="java.lang.NullPointerException">
      <![CDATA[java.lang.NullPointerException
at com.AliS.Base.BaseClassAliS.setup(BaseClassAliS.java:47)
at java.util.ArrayList.forEach(ArrayList.java:1259)
at java.util.concurrent.FutureTask.run(FutureTask.java:266)
at java.util.concurrent.ThreadPoolExecutor.runWorker(ThreadPoolExecutor.java:1149)
at java.util.concurrent.ThreadPoolExecutor$Worker.run(ThreadPoolExecutor.java:624)
at java.lang.Thread.run(Thread.java:748)
... Removed 16 stack frames]]>
    </failure>
  </testcase> <!-- @BeforeClass setup -->
  <testcase name="@AfterMethod tearDownMethod" time="-1.655739270321E9" classname="com.AliS.Base.BaseClassAliS">
    <skipped/>
  </testcase> <!-- @AfterMethod tearDownMethod -->
  <testcase name="@AfterClass TearDown" time="-1.655739270324E9" classname="com.AliS.Base.BaseClassAliS">
    <skipped/>
  </testcase> <!-- @AfterClass TearDown -->
  <testcase name="SmokeTestCaseScenario1" time="0.0" classname="com.AliS.SmokeTestCases.SmokeTestCase1">
    <skipped/>
  </testcase> <!-- SmokeTestCaseScenario1 -->
</testsuite> <!-- SmokeTestCase1 -->
