<?xml version="1.0" encoding="UTF-8"?>
<!-- Generated by org.testng.reporters.JUnitXMLReporter -->
<testsuite hostname="AithGGN1347" ignored="0" name="Group Example" tests="3" failures="3" timestamp="2022-06-20T20:55:52 IST" time="1.285" errors="0">
  <testcase name="SmokeTestCaseScenario1" time="0.935" classname="com.AliS.SmokeTestCases.SmokeTestCase1">
    <failure type="java.lang.NullPointerException">
      <![CDATA[java.lang.NullPointerException
at com.AliS.SmokeTestCases.SmokeTestCase1.SmokeTestCaseScenario1(SmokeTestCase1.java:19)
at java.util.ArrayList.forEach(ArrayList.java:1259)
... Removed 27 stack frames]]>
    </failure>
  </testcase> <!-- SmokeTestCaseScenario1 -->
  <testcase name="SmokeTestCaseScenario2" time="0.14" classname="com.AliS.SmokeTestCases.SmokeTestCase2">
    <failure type="java.lang.NullPointerException">
      <![CDATA[java.lang.NullPointerException
at com.AliS.SmokeTestCases.SmokeTestCase2.SmokeTestCaseScenario2(SmokeTestCase2.java:18)
at java.util.ArrayList.forEach(ArrayList.java:1259)
... Removed 27 stack frames]]>
    </failure>
  </testcase> <!-- SmokeTestCaseScenario2 -->
  <testcase name="SmokeTestCaseScenario3" time="0.139" classname="com.AliS.SmokeTestCases.SmokeTestCase3">
    <failure type="java.lang.NullPointerException">
      <![CDATA[java.lang.NullPointerException
at com.AliS.SmokeTestCases.SmokeTestCase3.SmokeTestCaseScenario3(SmokeTestCase3.java:17)
at java.util.ArrayList.forEach(ArrayList.java:1259)
... Removed 27 stack frames]]>
    </failure>
  </testcase> <!-- SmokeTestCaseScenario3 -->
</testsuite> <!-- Group Example -->
