<?xml version="1.0" encoding="UTF-8"?>
<!-- Generated by org.testng.reporters.JUnitXMLReporter -->
<testsuite hostname="AithGGN1347" ignored="0" name="RegressionTest" tests="1" failures="0" timestamp="2022-06-20T16:49:29 IST" time="0.07" errors="0">
  <testcase name="@BeforeClass setup" time="0.0" classname="com.AliS.Base.BaseClassAliS">
    <failure type="java.lang.NullPointerException">
      <![CDATA[java.lang.NullPointerException
at com.AliS.Base.BaseClassAliS.setup(BaseClassAliS.java:47)
at java.util.ArrayList.forEach(ArrayList.java:1259)
... Removed 25 stack frames]]>
    </failure>
  </testcase> <!-- @BeforeClass setup -->
  <testcase name="@AfterMethod tearDownMethod" time="-1.65572396913E9" classname="com.AliS.Base.BaseClassAliS">
    <skipped/>
  </testcase> <!-- @AfterMethod tearDownMethod -->
  <testcase name="SmokeTestCaseScenario2" time="0.0" classname="com.AliS.SmokeTestCases.SmokeTestCase2">
    <skipped/>
  </testcase> <!-- SmokeTestCaseScenario2 -->
</testsuite> <!-- RegressionTest -->
